<?xml version="1.0" encoding="UTF-8"?>
<!-- Generated by org.testng.reporters.JUnitReportReporter -->
<testsuite hostname="DESKTOP-V5VVE22" failures="0" tests="1" name="selenium.NewWindowDemo" time="12.283" errors="0" timestamp="2024-10-12T01:08:42 IST" skipped="0">
  <testcase classname="selenium.NewWindowDemo" name="newWindowSelenium4" time="12.283"/>
  <system-out/>
</testsuite> <!-- selenium.NewWindowDemo -->
