<?xml version="1.0" encoding="UTF-8"?>
<!-- Generated by org.testng.reporters.JUnitReportReporter -->
<testsuite hostname="DESKTOP-V5VVE22" failures="0" tests="7" name="javaBasics.JavaStreamsDemo" time="0.033" errors="0" timestamp="2025-02-03T23:18:52 IST" skipped="0">
  <testcase classname="javaBasics.JavaStreamsDemo" name="regular" time="0.010"/>
  <system-out/>
  <testcase classname="javaBasics.JavaStreamsDemo" name="streamFilter" time="0.004"/>
  <system-out/>
  <testcase classname="javaBasics.JavaStreamsDemo" name="streamSorting" time="0.006"/>
  <system-out/>
  <testcase classname="javaBasics.JavaStreamsDemo" name="streamCollect" time="0.002"/>
  <system-out/>
  <testcase classname="javaBasics.JavaStreamsDemo" name="stringReverse" time="0.002"/>
  <system-out/>
  <testcase classname="javaBasics.JavaStreamsDemo" name="repeated" time="0.007"/>
  <system-out/>
  <testcase classname="javaBasics.JavaStreamsDemo" name="streamMap" time="0.002"/>
  <system-out/>
</testsuite> <!-- javaBasics.JavaStreamsDemo -->
