<?xml version="1.0" encoding="UTF-8"?>
<!-- Generated by org.testng.reporters.JUnitReportReporter -->
<testsuite hostname="DESKTOP-V5VVE22" failures="0" tests="1" name="NewWindowDemo" time="6.103" errors="0" timestamp="2024-10-12T00:40:45 IST" skipped="0">
  <testcase classname="NewWindowDemo" name="newWindowSelenium4" time="6.103"/>
  <system-out/>
</testsuite> <!-- NewWindowDemo -->
