<?xml version="1.0" encoding="UTF-8"?>
<!-- Generated by org.testng.reporters.JUnitReportReporter -->
<testsuite hostname="Mac.lan" failures="0" tests="2" name="apiTesting.DynamicJSON" time="4.087" errors="0" timestamp="2025-03-12T02:36:19 IST" skipped="0">
  <testcase classname="apiTesting.DynamicJSON" name="addBook" time="0.466"/>
  <system-out/>
  <testcase classname="apiTesting.DynamicJSON" name="addBook" time="3.621"/>
  <system-out/>
</testsuite> <!-- apiTesting.DynamicJSON -->
