<?xml version="1.0" encoding="UTF-8"?>
<!-- Generated by org.testng.reporters.JUnitReportReporter -->
<testsuite hostname="DESKTOP-V5VVE22" failures="0" tests="1" name="selenium.TableSorting" time="4.012" errors="0" timestamp="2024-10-11T02:13:37 IST" skipped="0">
  <testcase classname="selenium.TableSorting" name="tablesOperation" time="4.012"/>
  <system-out/>
</testsuite> <!-- selenium.TableSorting -->
