<?xml version="1.0" encoding="UTF-8"?>
<!-- Generated by org.testng.reporters.JUnitReportReporter -->
<testsuite hostname="DESKTOP-V5VVE22" failures="0" tests="1" name="selenium.RelativeLocatorsDemo" time="4.527" errors="0" timestamp="2024-10-11T17:42:18 IST" skipped="0">
  <testcase classname="selenium.RelativeLocatorsDemo" name="test01" time="4.527"/>
  <system-out/>
</testsuite> <!-- selenium.RelativeLocatorsDemo -->
