<?xml version="1.0" encoding="UTF-8"?>
<!-- Generated by org.testng.reporters.JUnitReportReporter -->
<testsuite hostname="DESKTOP-V5VVE22" failures="0" tests="1" name="selenium.UploadDownload" time="14.482" errors="0" timestamp="2024-11-06T03:13:30 IST" skipped="0">
  <testcase classname="selenium.UploadDownload" name="test" time="14.482"/>
  <system-out/>
</testsuite> <!-- selenium.UploadDownload -->
