<?xml version="1.0" encoding="UTF-8"?>
<!-- Generated by org.testng.reporters.JUnitReportReporter -->
<testsuite hostname="DESKTOP-V5VVE22" failures="0" tests="3" name="javaBasics.InterviewQuestions" time="0.040" errors="0" timestamp="2025-02-08T13:01:04 IST" skipped="0">
  <testcase classname="javaBasics.InterviewQuestions" name="stringReverse" time="0.003"/>
  <system-out/>
  <testcase classname="javaBasics.InterviewQuestions" name="swapVariables" time="0.006"/>
  <system-out/>
  <testcase classname="javaBasics.InterviewQuestions" name="palindrome" time="0.031"/>
  <system-out/>
</testsuite> <!-- javaBasics.InterviewQuestions -->
