<?xml version="1.0" encoding="UTF-8"?>
<!-- Generated by org.testng.reporters.JUnitReportReporter -->
<testsuite hostname="DESKTOP-V5VVE22" failures="0" tests="1" name="JavaBasics.JavaStreamsDemo" time="0.016" errors="0" timestamp="2024-10-11T02:28:24 IST" skipped="0">
  <testcase classname="JavaBasics.JavaStreamsDemo" name="streamSorting" time="0.016"/>
  <system-out/>
</testsuite> <!-- JavaBasics.JavaStreamsDemo -->
