<?xml version="1.0" encoding="UTF-8"?>
<!-- Generated by org.testng.reporters.JUnitReportReporter -->
<testsuite hostname="DESKTOP-V5VVE22" failures="0" tests="2" name="selenium.GridDemo" time="13.193" errors="0" timestamp="2024-10-31T03:43:58 IST" skipped="0">
  <testcase classname="selenium.GridDemo" name="googleHomePageCheck" time="4.008"/>
  <system-out/>
  <testcase classname="selenium.GridDemo" name="rsaHomePageCheck" time="9.185"/>
  <system-out/>
</testsuite> <!-- selenium.GridDemo -->
