<?xml version="1.0" encoding="UTF-8"?>
<!-- Generated by org.testng.reporters.JUnitReportReporter -->
<testsuite hostname="DESKTOP-V5VVE22" failures="0" tests="1" name="appium.AppiumBasics" time="10.884" errors="0" timestamp="2024-11-15T20:08:02 IST" skipped="0">
  <testcase classname="appium.AppiumBasics" name="appiumTest" time="10.884"/>
  <system-out/>
</testsuite> <!-- appium.AppiumBasics -->
