<?xml version="1.0" encoding="UTF-8"?>
<!-- Generated by org.testng.reporters.JUnitReportReporter -->
<testsuite hostname="DESKTOP-V5VVE22" failures="0" tests="3" name="javaBasics.InterviewQuestions" time="0.024" errors="0" timestamp="2025-02-02T23:16:44 IST" skipped="0">
  <testcase classname="javaBasics.InterviewQuestions" name="swapVariables" time="0.005"/>
  <system-out/>
  <testcase classname="javaBasics.InterviewQuestions" name="stringReverse" time="0.002"/>
  <system-out/>
  <testcase classname="javaBasics.InterviewQuestions" name="palindrome" time="0.017"/>
  <system-out/>
</testsuite> <!-- javaBasics.InterviewQuestions -->
