<?xml version="1.0" encoding="UTF-8"?>
<!-- Generated by org.testng.reporters.JUnitReportReporter -->
<testsuite hostname="DESKTOP-V5VVE22" failures="0" tests="1" name="selenium.Selenium4Demo" time="7.657" errors="0" timestamp="2024-10-12T16:30:58 IST" skipped="0">
  <testcase classname="selenium.Selenium4Demo" name="selenium4" time="7.657"/>
  <system-out/>
</testsuite> <!-- selenium.Selenium4Demo -->
