<?xml version="1.0" encoding="UTF-8"?>
<!-- Generated by org.testng.reporters.JUnitReportReporter -->
<testsuite hostname="DESKTOP-V5VVE22" failures="0" tests="3" name="JavaBasics.InterviewQuestions" time="0.023" errors="0" timestamp="2024-10-29T02:33:14 IST" skipped="0">
  <testcase classname="JavaBasics.InterviewQuestions" name="palindrome" time="0.015"/>
  <system-out/>
  <testcase classname="JavaBasics.InterviewQuestions" name="swapVariables" time="0.005"/>
  <system-out/>
  <testcase classname="JavaBasics.InterviewQuestions" name="stringReverse" time="0.003"/>
  <system-out/>
</testsuite> <!-- JavaBasics.InterviewQuestions -->
