<?xml version="1.0" encoding="UTF-8"?>
<!-- Generated by org.testng.reporters.JUnitReportReporter -->
<testsuite hostname="DESKTOP-V5VVE22" failures="0" tests="1" name="apiTesting.SumValidation" time="1.145" errors="0" timestamp="2025-02-06T00:50:37 IST" skipped="0">
  <testcase classname="apiTesting.SumValidation" name="sumOfCourses" time="1.145"/>
  <system-out/>
</testsuite> <!-- apiTesting.SumValidation -->
