<?xml version="1.0" encoding="UTF-8"?>
<!-- Generated by org.testng.reporters.JUnitReportReporter -->
<testsuite hostname="DESKTOP-V5VVE22" failures="0" tests="7" name="JavaBasics.JavaStreamsDemo" time="0.029" errors="0" timestamp="2024-10-29T02:32:55 IST" skipped="0">
  <testcase classname="JavaBasics.JavaStreamsDemo" name="streamMap" time="0.002"/>
  <system-out/>
  <testcase classname="JavaBasics.JavaStreamsDemo" name="stringReverse" time="0.002"/>
  <system-out/>
  <testcase classname="JavaBasics.JavaStreamsDemo" name="streamCollect" time="0.002"/>
  <system-out/>
  <testcase classname="JavaBasics.JavaStreamsDemo" name="regular" time="0.001"/>
  <system-out/>
  <testcase classname="JavaBasics.JavaStreamsDemo" name="streamFilter" time="0.004"/>
  <system-out/>
  <testcase classname="JavaBasics.JavaStreamsDemo" name="streamSorting" time="0.003"/>
  <system-out/>
  <testcase classname="JavaBasics.JavaStreamsDemo" name="palindrome" time="0.015"/>
  <system-out/>
</testsuite> <!-- JavaBasics.JavaStreamsDemo -->
