<?xml version="1.0" encoding="UTF-8"?>
<!-- Generated by org.testng.reporters.JUnitReportReporter -->
<testsuite hostname="DESKTOP-V5VVE22" failures="0" tests="1" name="selenium.ExtentReportDemo" time="6.244" errors="0" timestamp="2024-10-20T22:37:22 IST" skipped="0">
  <testcase classname="selenium.ExtentReportDemo" name="initialDemo" time="6.244"/>
  <system-out/>
</testsuite> <!-- selenium.ExtentReportDemo -->
