<?xml version="1.0" encoding="UTF-8"?>
<!-- Generated by org.testng.reporters.JUnitReportReporter -->
<testsuite hostname="DESKTOP-V5VVE22" failures="0" tests="1" name="selenium.dataDriven" time="0.716" errors="0" timestamp="2024-11-02T02:55:00 IST" skipped="0">
  <testcase classname="selenium.dataDriven" name="useData" time="0.716"/>
  <system-out/>
</testsuite> <!-- selenium.dataDriven -->
